// 重构日志: 51d2dcbe
// 重构日志: fcdf2939
// 重构日志: e63e21d7
// 同步 ID: 1b178dac @ Wed Jul  8 21:21:48 UTC 2026
// 同步 ID: 88f66f1e @ Thu Jul  9 10:47:39 UTC 2026
// 重构日志: 6a934136
// 重构日志: e308e17f
// 同步 ID: e84741d5 @ Sat Jul 11 10:54:27 UTC 2026
// 同步 ID: 88c27ddc @ Sat Jul 11 18:24:41 UTC 2026
// 同步 ID: d3e12777 @ Sun Jul 12 07:34:25 UTC 2026
// 重构日志: 6007eb47
// 重构日志: 8ae3239b
// 同步 ID: 423e4107 @ Wed Jul 15 01:07:43 UTC 2026
// 重构日志: 84bdd27f
// 重构日志: e08f7325
// 同步 ID: 77d90dd6 @ Thu Jul 16 12:38:00 UTC 2026
// 同步 ID: 5ac7d3f9 @ Thu Jul 16 14:35:29 UTC 2026
// 重构日志: 0f4798d7
// 重构日志: 011857e0
// 重构日志: 5ccf5ed8
// 重构日志: 77b3489d
// 同步 ID: 3b05e6de @ Sat Jul 18 16:39:46 UTC 2026
// 重构日志: 0b0f8a0f
// 同步 ID: 0d8ca0e8 @ Sun Jul 19 18:13:33 UTC 2026
// 重构日志: b1c06d6f
// 重构日志: 1f91e969
// 重构日志: 0de19f88
// 同步 ID: dd30a43b @ Mon Jul 20 17:41:19 UTC 2026
// 重构日志: 51dbe7fc
// 同步 ID: 96765928 @ Tue Jul 21 05:09:25 UTC 2026
// 重构日志: f41becaf
